<?xml version="1.0" encoding="UTF-8"?>
<!-- Generated by org.testng.reporters.JUnitXMLReporter -->
<testsuite ignored="1" hostname="DESKTOP-C5NNEHG" failures="0" tests="2" name="Test" time="42.552" errors="0" timestamp="2021-02-19T18:45:27 IST">
  <testcase classname="com.QA.tesecases.logInTest" name="LoginPageTitleTest" time="0.021"/>
  <testcase classname="com.QA.tesecases.logInTest" name="loginPageTest" time="10.544"/>
  <testcase classname="com.QA.tesecases.logInTest" name="crmLogoImageTest" time="0.0">
    <ignored/>
  </testcase> <!-- crmLogoImageTest -->
</testsuite> <!-- Test -->
